# JRE version: OpenJDK Runtime Environment Temurin-21.0.9+10 (21.0.9+10) (build 21.0.9+10-LTS)
# Java VM: OpenJDK 64-Bit Server VM Temurin-21.0.9+10 (21.0.9+10-LTS, mixed mode, sharing, tiered, compressed oops, compressed class ptrs, parallel gc, windows-amd64)
GC Precious Log:
 CardTable entry size: 512
 CPUs: 4 total, 4 available
 Memory: 3908M
 Large Page Support: Disabled
 NUMA Support: Disabled
 Compressed Oops: Enabled (32-bit)
 Alignments: Space 512K, Generation 512K, Heap 2M
 Heap Min Capacity: 100M
 Heap Initial Capacity: 100M
 Heap Max Capacity: 2G
 Pre-touch: Disabled
 Parallel Workers: 4
Heap:
 PSYoungGen      total 18944K, used 3404K [0x00000000d5580000, 0x00000000d6a80000, 0x0000000100000000)
  eden space 18432K, 17% used [0x00000000d5580000,0x00000000d58a3320,0x00000000d6780000)
  from space 512K, 37% used [0x00000000d6a00000,0x00000000d6a30000,0x00000000d6a80000)
  to   space 512K, 0% used [0x00000000d6900000,0x00000000d6900000,0x00000000d6980000)
 ParOldGen       total 68608K, used 38931K [0x0000000080000000, 0x0000000084300000, 0x00000000d5580000)
  object space 68608K, 56% used [0x0000000080000000,0x0000000082604ce0,0x0000000084300000)
 Metaspace       used 60424K, committed 61952K, reserved 1114112K
  class space    used 6488K, committed 7104K, reserved 1048576K
GC Heap History (20 events):
Event: 58.294 GC heap before
{Heap before GC invocations=30 (full 3):
 PSYoungGen      total 18944K, used 18202K [0x00000000d5580000, 0x00000000d6b00000, 0x0000000100000000)
  eden space 18432K, 98% used [0x00000000d5580000,0x00000000d6746880,0x00000000d6780000)
  from space 512K, 0% used [0x00000000d6a80000,0x00000000d6a80000,0x00000000d6b00000)
  to   space 1024K, 0% used [0x00000000d6900000,0x00000000d6900000,0x00000000d6a00000)
 ParOldGen       total 68608K, used 26830K [0x0000000080000000, 0x0000000084300000, 0x00000000d5580000)
  object space 68608K, 39% used [0x0000000080000000,0x0000000081a33ab8,0x0000000084300000)
 Metaspace       used 59338K, committed 60800K, reserved 1114112K
  class space    used 6339K, committed 6976K, reserved 1048576K
}
Event: 58.304 GC heap after
{Heap after GC invocations=30 (full 3):
 PSYoungGen      total 19456K, used 1017K [0x00000000d5580000, 0x00000000d7280000, 0x0000000100000000)
  eden space 18432K, 0% used [0x00000000d5580000,0x00000000d5580000,0x00000000d6780000)
  from space 1024K, 99% used [0x00000000d6900000,0x00000000d69fe7e0,0x00000000d6a00000)
  to   space 5632K, 0% used [0x00000000d6d00000,0x00000000d6d00000,0x00000000d7280000)
 ParOldGen       total 68608K, used 30440K [0x0000000080000000, 0x0000000084300000, 0x00000000d5580000)
  object space 68608K, 44% used [0x0000000080000000,0x0000000081dba088,0x0000000084300000)
 Metaspace       used 59338K, committed 60800K, reserved 1114112K
  class space    used 6339K, committed 6976K, reserved 1048576K
}
Event: 58.913 GC heap before
{Heap before GC invocations=31 (full 3):
 PSYoungGen      total 19456K, used 19449K [0x00000000d5580000, 0x00000000d7280000, 0x0000000100000000)
  eden space 18432K, 100% used [0x00000000d5580000,0x00000000d6780000,0x00000000d6780000)
  from space 1024K, 99% used [0x00000000d6900000,0x00000000d69fe7e0,0x00000000d6a00000)
  to   space 5632K, 0% used [0x00000000d6d00000,0x00000000d6d00000,0x00000000d7280000)
 ParOldGen       total 68608K, used 30440K [0x0000000080000000, 0x0000000084300000, 0x00000000d5580000)
  object space 68608K, 44% used [0x0000000080000000,0x0000000081dba088,0x0000000084300000)
 Metaspace       used 59352K, committed 60800K, reserved 1114112K
  class space    used 6340K, committed 6976K, reserved 1048576K
}
Event: 58.927 GC heap after
{Heap after GC invocations=31 (full 3):
 PSYoungGen      total 21504K, used 2577K [0x00000000d5580000, 0x00000000d7000000, 0x0000000100000000)
  eden space 18432K, 0% used [0x00000000d5580000,0x00000000d5580000,0x00000000d6780000)
  from space 3072K, 83% used [0x00000000d6d00000,0x00000000d6f84458,0x00000000d7000000)
  to   space 3584K, 0% used [0x00000000d6900000,0x00000000d6900000,0x00000000d6c80000)
 ParOldGen       total 68608K, used 31461K [0x0000000080000000, 0x0000000084300000, 0x00000000d5580000)
  object space 68608K, 45% used [0x0000000080000000,0x0000000081eb9788,0x0000000084300000)
 Metaspace       used 59352K, committed 60800K, reserved 1114112K
  class space    used 6340K, committed 6976K, reserved 1048576K
}
Event: 59.643 GC heap before
{Heap before GC invocations=32 (full 3):
 PSYoungGen      total 21504K, used 21009K [0x00000000d5580000, 0x00000000d7000000, 0x0000000100000000)
  eden space 18432K, 100% used [0x00000000d5580000,0x00000000d6780000,0x00000000d6780000)
  from space 3072K, 83% used [0x00000000d6d00000,0x00000000d6f84458,0x00000000d7000000)
  to   space 3584K, 0% used [0x00000000d6900000,0x00000000d6900000,0x00000000d6c80000)
 ParOldGen       total 68608K, used 31461K [0x0000000080000000, 0x0000000084300000, 0x00000000d5580000)
  object space 68608K, 45% used [0x0000000080000000,0x0000000081eb9788,0x0000000084300000)
 Metaspace       used 59352K, committed 60800K, reserved 1114112K
  class space    used 6340K, committed 6976K, reserved 1048576K
}
Event: 59.647 GC heap after
{Heap after GC invocations=32 (full 3):
 PSYoungGen      total 19456K, used 544K [0x00000000d5580000, 0x00000000d6d80000, 0x0000000100000000)
  eden space 18432K, 0% used [0x00000000d5580000,0x00000000d5580000,0x00000000d6780000)
  from space 1024K, 53% used [0x00000000d6900000,0x00000000d6988000,0x00000000d6a00000)
  to   space 1536K, 0% used [0x00000000d6c00000,0x00000000d6c00000,0x00000000d6d80000)
 ParOldGen       total 68608K, used 33982K [0x0000000080000000, 0x0000000084300000, 0x00000000d5580000)
  object space 68608K, 49% used [0x0000000080000000,0x000000008212fbe0,0x0000000084300000)
 Metaspace       used 59352K, committed 60800K, reserved 1114112K
  class space    used 6340K, committed 6976K, reserved 1048576K
}
Event: 59.985 GC heap before
{Heap before GC invocations=33 (full 3):
 PSYoungGen      total 19456K, used 18976K [0x00000000d5580000, 0x00000000d6d80000, 0x0000000100000000)
  eden space 18432K, 100% used [0x00000000d5580000,0x00000000d6780000,0x00000000d6780000)
  from space 1024K, 53% used [0x00000000d6900000,0x00000000d6988000,0x00000000d6a00000)
  to   space 1536K, 0% used [0x00000000d6c00000,0x00000000d6c00000,0x00000000d6d80000)
 ParOldGen       total 68608K, used 33982K [0x0000000080000000, 0x0000000084300000, 0x00000000d5580000)
  object space 68608K, 49% used [0x0000000080000000,0x000000008212fbe0,0x0000000084300000)
 Metaspace       used 59352K, committed 60800K, reserved 1114112K
  class space    used 6340K, committed 6976K, reserved 1048576K
}
Event: 59.991 GC heap after
{Heap after GC invocations=33 (full 3):
 PSYoungGen      total 18944K, used 512K [0x00000000d5580000, 0x00000000d6c80000, 0x0000000100000000)
  eden space 18432K, 0% used [0x00000000d5580000,0x00000000d5580000,0x00000000d6780000)
  from space 512K, 100% used [0x00000000d6c00000,0x00000000d6c80000,0x00000000d6c80000)
  to   space 1024K, 0% used [0x00000000d6a80000,0x00000000d6a80000,0x00000000d6b80000)
 ParOldGen       total 68608K, used 34470K [0x0000000080000000, 0x0000000084300000, 0x00000000d5580000)
  object space 68608K, 50% used [0x0000000080000000,0x00000000821a9be0,0x0000000084300000)
 Metaspace       used 59352K, committed 60800K, reserved 1114112K
  class space    used 6340K, committed 6976K, reserved 1048576K
}
Event: 60.216 GC heap before
{Heap before GC invocations=34 (full 3):
 PSYoungGen      total 18944K, used 18944K [0x00000000d5580000, 0x00000000d6c80000, 0x0000000100000000)
  eden space 18432K, 100% used [0x00000000d5580000,0x00000000d6780000,0x00000000d6780000)
  from space 512K, 100% used [0x00000000d6c00000,0x00000000d6c80000,0x00000000d6c80000)
  to   space 1024K, 0% used [0x00000000d6a80000,0x00000000d6a80000,0x00000000d6b80000)
 ParOldGen       total 68608K, used 34470K [0x0000000080000000, 0x0000000084300000, 0x00000000d5580000)
  object space 68608K, 50% used [0x0000000080000000,0x00000000821a9be0,0x0000000084300000)
 Metaspace       used 59352K, committed 60800K, reserved 1114112K
  class space    used 6340K, committed 6976K, reserved 1048576K
}
Event: 60.221 GC heap after
{Heap after GC invocations=34 (full 3):
 PSYoungGen      total 19456K, used 512K [0x00000000d5580000, 0x00000000d6c80000, 0x0000000100000000)
  eden space 18432K, 0% used [0x00000000d5580000,0x00000000d5580000,0x00000000d6780000)
  from space 1024K, 50% used [0x00000000d6a80000,0x00000000d6b00000,0x00000000d6b80000)
  to   space 1024K, 0% used [0x00000000d6b80000,0x00000000d6b80000,0x00000000d6c80000)
 ParOldGen       total 68608K, used 34926K [0x0000000080000000, 0x0000000084300000, 0x00000000d5580000)
  object space 68608K, 50% used [0x0000000080000000,0x000000008221bbf0,0x0000000084300000)
 Metaspace       used 59352K, committed 60800K, reserved 1114112K
  class space    used 6340K, committed 6976K, reserved 1048576K
}
Event: 60.522 GC heap before
{Heap before GC invocations=35 (full 3):
 PSYoungGen      total 19456K, used 18944K [0x00000000d5580000, 0x00000000d6c80000, 0x0000000100000000)
  eden space 18432K, 100% used [0x00000000d5580000,0x00000000d6780000,0x00000000d6780000)
  from space 1024K, 50% used [0x00000000d6a80000,0x00000000d6b00000,0x00000000d6b80000)
  to   space 1024K, 0% used [0x00000000d6b80000,0x00000000d6b80000,0x00000000d6c80000)
 ParOldGen       total 68608K, used 34926K [0x0000000080000000, 0x0000000084300000, 0x00000000d5580000)
  object space 68608K, 50% used [0x0000000080000000,0x000000008221bbf0,0x0000000084300000)
 Metaspace       used 59365K, committed 60800K, reserved 1114112K
  class space    used 6340K, committed 6976K, reserved 1048576K
}
Event: 60.530 GC heap after
{Heap after GC invocations=35 (full 3):
 PSYoungGen      total 19456K, used 1012K [0x00000000d5580000, 0x00000000d6e80000, 0x0000000100000000)
  eden space 18432K, 0% used [0x00000000d5580000,0x00000000d5580000,0x00000000d6780000)
  from space 1024K, 98% used [0x00000000d6b80000,0x00000000d6c7d2e0,0x00000000d6c80000)
  to   space 3584K, 0% used [0x00000000d6780000,0x00000000d6780000,0x00000000d6b00000)
 ParOldGen       total 68608K, used 36666K [0x0000000080000000, 0x0000000084300000, 0x00000000d5580000)
  object space 68608K, 53% used [0x0000000080000000,0x00000000823cebf0,0x0000000084300000)
 Metaspace       used 59365K, committed 60800K, reserved 1114112K
  class space    used 6340K, committed 6976K, reserved 1048576K
}
Event: 60.631 GC heap before
{Heap before GC invocations=36 (full 3):
 PSYoungGen      total 19456K, used 19444K [0x00000000d5580000, 0x00000000d6e80000, 0x0000000100000000)
  eden space 18432K, 100% used [0x00000000d5580000,0x00000000d6780000,0x00000000d6780000)
  from space 1024K, 98% used [0x00000000d6b80000,0x00000000d6c7d2e0,0x00000000d6c80000)
  to   space 3584K, 0% used [0x00000000d6780000,0x00000000d6780000,0x00000000d6b00000)
 ParOldGen       total 68608K, used 36666K [0x0000000080000000, 0x0000000084300000, 0x00000000d5580000)
  object space 68608K, 53% used [0x0000000080000000,0x00000000823cebf0,0x0000000084300000)
 Metaspace       used 59365K, committed 60800K, reserved 1114112K
  class space    used 6340K, committed 6976K, reserved 1048576K
}
Event: 60.636 GC heap after
{Heap after GC invocations=36 (full 3):
 PSYoungGen      total 18944K, used 384K [0x00000000d5580000, 0x00000000d6c00000, 0x0000000100000000)
  eden space 18432K, 0% used [0x00000000d5580000,0x00000000d5580000,0x00000000d6780000)
  from space 512K, 75% used [0x00000000d6780000,0x00000000d67e0000,0x00000000d6800000)
  to   space 1536K, 0% used [0x00000000d6a80000,0x00000000d6a80000,0x00000000d6c00000)
 ParOldGen       total 68608K, used 37688K [0x0000000080000000, 0x0000000084300000, 0x00000000d5580000)
  object space 68608K, 54% used [0x0000000080000000,0x00000000824ce3e0,0x0000000084300000)
 Metaspace       used 59365K, committed 60800K, reserved 1114112K
  class space    used 6340K, committed 6976K, reserved 1048576K
}
Event: 60.833 GC heap before
{Heap before GC invocations=37 (full 3):
 PSYoungGen      total 18944K, used 18816K [0x00000000d5580000, 0x00000000d6c00000, 0x0000000100000000)
  eden space 18432K, 100% used [0x00000000d5580000,0x00000000d6780000,0x00000000d6780000)
  from space 512K, 75% used [0x00000000d6780000,0x00000000d67e0000,0x00000000d6800000)
  to   space 1536K, 0% used [0x00000000d6a80000,0x00000000d6a80000,0x00000000d6c00000)
 ParOldGen       total 68608K, used 37688K [0x0000000080000000, 0x0000000084300000, 0x00000000d5580000)
  object space 68608K, 54% used [0x0000000080000000,0x00000000824ce3e0,0x0000000084300000)
 Metaspace       used 59379K, committed 60864K, reserved 1114112K
  class space    used 6340K, committed 6976K, reserved 1048576K
}
Event: 60.843 GC heap after
{Heap after GC invocations=37 (full 3):
 PSYoungGen      total 19968K, used 1072K [0x00000000d5580000, 0x00000000d6c00000, 0x0000000100000000)
  eden space 18432K, 0% used [0x00000000d5580000,0x00000000d5580000,0x00000000d6780000)
  from space 1536K, 69% used [0x00000000d6a80000,0x00000000d6b8c1c0,0x00000000d6c00000)
  to   space 1536K, 0% used [0x00000000d6900000,0x00000000d6900000,0x00000000d6a80000)
 ParOldGen       total 68608K, used 38048K [0x0000000080000000, 0x0000000084300000, 0x00000000d5580000)
  object space 68608K, 55% used [0x0000000080000000,0x00000000825283e0,0x0000000084300000)
 Metaspace       used 59379K, committed 60864K, reserved 1114112K
  class space    used 6340K, committed 6976K, reserved 1048576K
}
Event: 61.360 GC heap before
{Heap before GC invocations=38 (full 3):
 PSYoungGen      total 19968K, used 18520K [0x00000000d5580000, 0x00000000d6c00000, 0x0000000100000000)
  eden space 18432K, 94% used [0x00000000d5580000,0x00000000d668a150,0x00000000d6780000)
  from space 1536K, 69% used [0x00000000d6a80000,0x00000000d6b8c1c0,0x00000000d6c00000)
  to   space 1536K, 0% used [0x00000000d6900000,0x00000000d6900000,0x00000000d6a80000)
 ParOldGen       total 68608K, used 38048K [0x0000000080000000, 0x0000000084300000, 0x00000000d5580000)
  object space 68608K, 55% used [0x0000000080000000,0x00000000825283e0,0x0000000084300000)
 Metaspace       used 59563K, committed 60992K, reserved 1114112K
  class space    used 6361K, committed 6976K, reserved 1048576K
}
Event: 61.366 GC heap after
{Heap after GC invocations=38 (full 3):
 PSYoungGen      total 18944K, used 192K [0x00000000d5580000, 0x00000000d6b00000, 0x0000000100000000)
  eden space 18432K, 0% used [0x00000000d5580000,0x00000000d5580000,0x00000000d6780000)
  from space 512K, 37% used [0x00000000d6900000,0x00000000d6930000,0x00000000d6980000)
  to   space 1024K, 0% used [0x00000000d6a00000,0x00000000d6a00000,0x00000000d6b00000)
 ParOldGen       total 68608K, used 38840K [0x0000000080000000, 0x0000000084300000, 0x00000000d5580000)
  object space 68608K, 56% used [0x0000000080000000,0x00000000825ee3e0,0x0000000084300000)
 Metaspace       used 59563K, committed 60992K, reserved 1114112K
  class space    used 6361K, committed 6976K, reserved 1048576K
}
Event: 98.897 GC heap before
{Heap before GC invocations=39 (full 3):
 PSYoungGen      total 18944K, used 18624K [0x00000000d5580000, 0x00000000d6b00000, 0x0000000100000000)
  eden space 18432K, 100% used [0x00000000d5580000,0x00000000d6780000,0x00000000d6780000)
  from space 512K, 37% used [0x00000000d6900000,0x00000000d6930000,0x00000000d6980000)
  to   space 1024K, 0% used [0x00000000d6a00000,0x00000000d6a00000,0x00000000d6b00000)
 ParOldGen       total 68608K, used 38840K [0x0000000080000000, 0x0000000084300000, 0x00000000d5580000)
  object space 68608K, 56% used [0x0000000080000000,0x00000000825ee3e0,0x0000000084300000)
 Metaspace       used 60174K, committed 61696K, reserved 1114112K
  class space    used 6461K, committed 7104K, reserved 1048576K
}
Event: 98.898 GC heap after
{Heap after GC invocations=39 (full 3):
 PSYoungGen      total 18944K, used 192K [0x00000000d5580000, 0x00000000d6a80000, 0x0000000100000000)
  eden space 18432K, 0% used [0x00000000d5580000,0x00000000d5580000,0x00000000d6780000)
  from space 512K, 37% used [0x00000000d6a00000,0x00000000d6a30000,0x00000000d6a80000)
  to   space 512K, 0% used [0x00000000d6900000,0x00000000d6900000,0x00000000d6980000)
 ParOldGen       total 68608K, used 38931K [0x0000000080000000, 0x0000000084300000, 0x00000000d5580000)
  object space 68608K, 56% used [0x0000000080000000,0x0000000082604ce0,0x0000000084300000)
 Metaspace       used 60174K, committed 61696K, reserved 1114112K
  class space    used 6461K, committed 7104K, reserved 1048576K
}

